[2025-11-06T23:09:07.138000000Z] TripID: Bike B076 changed status to available
[2025-11-06T23:09:07.152000000Z] TripID: Dock D038 status changed to occupied
[2025-11-06T23:35:10.160000000Z] TripID: Bike B029 changed status to available
[2025-11-06T23:35:10.181000000Z] TripID: Dock D011 status changed to occupied
[2025-11-06T23:35:10.181000000Z] TripID: Station S002 status changed to occupied
[2025-11-07T01:12:40.569000000Z] TripID: Bike B078 changed status to available
[2025-11-07T01:12:40.585000000Z] TripID: Dock D114 status changed to occupied
[2025-11-07T01:16:48.776000000Z] TripID: Bike B029 changed status to available
[2025-11-07T01:16:48.787000000Z] TripID: Dock D060 status changed to occupied
[2025-11-07T01:32:35.998000000Z] TripID: Bike B077 changed status to available
[2025-11-07T01:32:36.001000000Z] TripID: Dock D125 status changed to occupied
[2025-11-07T01:33:44.330000000Z] TripID: Bike B042 changed status to available
[2025-11-07T01:33:44.333000000Z] TripID: Dock D010 status changed to occupied
[2025-11-07T01:33:44.333000000Z] TripID: Station S001 status changed to full
[2025-11-07T02:28:02.206000000Z] TripID: Bike B078 changed status to available
[2025-11-07T02:28:02.223000000Z] TripID: Dock D119 status changed to occupied
[2025-11-16T03:16:09.923000000Z] TripID: Bike B029 changed status to available
[2025-11-16T03:16:09.932000000Z] TripID: Dock D015 status changed to occupied
[2025-11-16T03:25:30.778000000Z] TripID: Bike B006 changed status to available
[2025-11-16T03:25:30.796000000Z] TripID: Dock D011 status changed to occupied
[2025-11-16T03:40:19.871000000Z] TripID: Bike B016 changed status to available
[2025-11-16T03:40:19.873000000Z] TripID: Dock D122 status changed to occupied
[2025-11-16T03:46:16.276000000Z] TripID: Bike B037 changed status to available
[2025-11-16T03:46:16.278000000Z] TripID: Dock D117 status changed to occupied
[2025-11-17T06:57:57.039000000Z] TripID: Bike B039 changed status to available
[2025-11-17T06:57:57.067000000Z] TripID: Dock D116 status changed to occupied
[2025-11-17T06:59:03.843000000Z] TripID: Bike B029 changed status to available
[2025-11-17T06:59:03.845000000Z] TripID: Dock D008 status changed to occupied
[2025-11-17T06:59:59.993000000Z] TripID: Bike B038 changed status to available
[2025-11-17T06:59:59.995000000Z] TripID: Dock D055 status changed to occupied
[2025-11-17T07:01:36.055000000Z] TripID: Bike B063 changed status to available
[2025-11-17T07:01:36.058000000Z] TripID: Dock D102 status changed to occupied
[2025-11-17T07:09:21.328000000Z] TripID: Bike B029 changed status to available
[2025-11-17T07:09:21.332000000Z] TripID: Dock D010 status changed to occupied
[2025-11-17T07:11:07.332000000Z] TripID: Bike B001 changed status to available
[2025-11-17T07:11:07.338000000Z] TripID: Dock D064 status changed to occupied
[2025-11-17T07:12:13.861000000Z] TripID: RESERVATION_EXPIRED userId=QaMWHOagIVfdo7Xr8dRb1iDep953
[2025-11-17T07:13:28.105000000Z] TripID: RESERVATION_EXPIRED userId=QaMWHOagIVfdo7Xr8dRb1iDep953
[2025-11-17T07:14:29.904000000Z] TripID: RESERVATION_EXPIRED userId=QaMWHOagIVfdo7Xr8dRb1iDep953
[2025-11-17T07:16:12.100000000Z] TripID: RESERVATION_EXPIRED userId=QaMWHOagIVfdo7Xr8dRb1iDep953
[2025-11-17T07:23:45.493000000Z] TripID: RESERVATION_EXPIRED userId=PRoLKTdC6ZNl5piSpMiO46M5FU42
[2025-11-17T07:24:07.819000000Z] TripID: Bike B008 changed status to available
[2025-11-17T07:24:07.820000000Z] TripID: Dock D051 status changed to occupied
[2025-11-17T07:25:43.025000000Z] TripID: RESERVATION_EXPIRED userId=PRoLKTdC6ZNl5piSpMiO46M5FU42
[2025-11-17T07:31:05.630000000Z] TripID: Bike B028 changed status to available
[2025-11-17T07:31:05.632000000Z] TripID: Dock D040 status changed to occupied
[2025-11-17T07:33:13.644000000Z] TripID: Bike B030 changed status to available
[2025-11-17T07:33:13.645000000Z] TripID: Dock D053 status changed to occupied
[2025-11-17T07:37:20.669000000Z] TripID: RESERVATION_EXPIRED userId=O8o2VaPPxNPP46XzG3VT0HfCsYN2
[2025-11-17T07:41:10.138000000Z] TripID: Bike B060 changed status to available
[2025-11-17T07:41:10.141000000Z] TripID: Dock D104 status changed to occupied
[2025-11-17T07:43:43.027000000Z] TripID: Bike B016 changed status to available
[2025-11-17T07:43:43.033000000Z] TripID: Dock D118 status changed to occupied
[2025-11-17T07:44:24.531000000Z] TripID: RESERVATION_EXPIRED userId=haP0KBuS7oMdyExttjKWO0FBMkA3
[2025-11-17T07:44:50.557000000Z] TripID: Bike B077 changed status to available
[2025-11-17T07:44:50.558000000Z] TripID: Dock D123 status changed to occupied
[2025-11-17T07:45:31.907000000Z] TripID: RESERVATION_EXPIRED userId=haP0KBuS7oMdyExttjKWO0FBMkA3
[2025-11-17T07:45:45.572000000Z] TripID: RESERVATION_EXPIRED userId=O8o2VaPPxNPP46XzG3VT0HfCsYN2
[2025-11-17T09:23:01.765000000Z] TripID: RESERVATION_EXPIRED userId=O8o2VaPPxNPP46XzG3VT0HfCsYN2
[2025-11-17T19:45:18.152000000Z] TripID: RESERVATION_EXPIRED userId=haP0KBuS7oMdyExttjKWO0FBMkA3
[2025-11-17T20:26:57.189000000Z] TripID: Bike B039 changed status to available
[2025-11-17T20:26:57.203000000Z] TripID: Dock D117 status changed to occupied
[2025-11-17T20:29:13.413000000Z] TripID: Bike B007 changed status to available
[2025-11-17T20:29:13.417000000Z] TripID: Dock D007 status changed to occupied
[2025-11-17T20:35:34.181000000Z] TripID: Bike B039 changed status to available
[2025-11-17T20:35:34.182000000Z] TripID: Dock D111 status changed to occupied
[2025-11-17T20:38:15.181000000Z] TripID: Bike B040 changed status to available
[2025-11-17T20:38:15.205000000Z] TripID: Dock D057 status changed to occupied
[2025-11-17T20:52:00.481000000Z] TripID: Bike B027 changed status to available
[2025-11-17T20:52:00.505000000Z] TripID: Dock D035 status changed to occupied
[2025-11-17T21:06:35.075000000Z] TripID: RESERVATION_EXPIRED userId=JVhF5jUT1KgLB3ediOXZiJgcbLv2
[2025-11-17T21:20:39.547000000Z] TripID: Bike B077 changed status to available
[2025-11-17T21:20:39.565000000Z] TripID: Dock D125 status changed to occupied
[2025-11-17T21:21:16.586000000Z] TripID: RESERVATION_EXPIRED userId=JVhF5jUT1KgLB3ediOXZiJgcbLv2
[2025-11-17T21:27:58.218000000Z] TripID: Bike B016 changed status to available
[2025-11-17T21:27:58.250000000Z] TripID: Dock D123 status changed to occupied
[2025-11-17T21:28:31.950000000Z] TripID: RESERVATION_EXPIRED userId=JVhF5jUT1KgLB3ediOXZiJgcbLv2
[2025-11-17T21:41:52.997000000Z] TripID: Bike B039 changed status to available
[2025-11-17T21:41:53.010000000Z] TripID: Dock D124 status changed to occupied
[2025-11-17T21:44:30.860000000Z] TripID: Bike B016 changed status to available
[2025-11-17T21:44:30.861000000Z] TripID: Dock D008 status changed to occupied
[2025-11-17T21:46:00.792000000Z] TripID: RESERVATION_EXPIRED userId=JVhF5jUT1KgLB3ediOXZiJgcbLv2
[2025-11-17T21:46:01.010000000Z] TripID: Bike B077 changed status to available
